<?xml version="1.0" encoding="UTF-8"?>
<testsuite name="com.pokemon.backend.service.PokemonServiceTest" tests="4" skipped="0" failures="0" errors="0" timestamp="2022-11-28T22:07:57" hostname="192.168.1.100" time="2.489">
  <properties/>
  <testcase name="should return pokemon with description translated when habitat is cave" classname="com.pokemon.backend.service.PokemonServiceTest" time="1.359"/>
  <testcase name="should return pokemon with description translated when pokemon is legendary" classname="com.pokemon.backend.service.PokemonServiceTest" time="0.776"/>
  <testcase name="should return pokemon without description translated" classname="com.pokemon.backend.service.PokemonServiceTest" time="0.185"/>
  <testcase name="should throw not found exception when pokemon is not found from server" classname="com.pokemon.backend.service.PokemonServiceTest" time="0.165"/>
  <system-out><![CDATA[22:07:55.702 [Test worker] DEBUG org.springframework.test.context.BootstrapUtils - Instantiating CacheAwareContextLoaderDelegate from class [org.springframework.test.context.cache.DefaultCacheAwareContextLoaderDelegate]
22:07:55.710 [Test worker] DEBUG org.springframework.test.context.BootstrapUtils - Instantiating BootstrapContext using constructor [public org.springframework.test.context.support.DefaultBootstrapContext(java.lang.Class,org.springframework.test.context.CacheAwareContextLoaderDelegate)]
22:07:55.733 [Test worker] DEBUG org.springframework.test.context.BootstrapUtils - Instantiating TestContextBootstrapper for test class [com.pokemon.backend.service.PokemonServiceTest] from class [org.springframework.boot.test.context.SpringBootTestContextBootstrapper]
22:07:55.742 [Test worker] INFO org.springframework.boot.test.context.SpringBootTestContextBootstrapper - Neither @ContextConfiguration nor @ContextHierarchy found for test class [com.pokemon.backend.service.PokemonServiceTest], using SpringBootContextLoader
22:07:55.747 [Test worker] DEBUG org.springframework.test.context.support.AbstractContextLoader - Did not detect default resource location for test class [com.pokemon.backend.service.PokemonServiceTest]: class path resource [com/pokemon/backend/service/PokemonServiceTest-context.xml] does not exist
22:07:55.747 [Test worker] DEBUG org.springframework.test.context.support.AbstractContextLoader - Did not detect default resource location for test class [com.pokemon.backend.service.PokemonServiceTest]: class path resource [com/pokemon/backend/service/PokemonServiceTestContext.groovy] does not exist
22:07:55.748 [Test worker] INFO org.springframework.test.context.support.AbstractContextLoader - Could not detect default resource locations for test class [com.pokemon.backend.service.PokemonServiceTest]: no resource found for suffixes {-context.xml, Context.groovy}.
22:07:55.748 [Test worker] INFO org.springframework.test.context.support.AnnotationConfigContextLoaderUtils - Could not detect default configuration classes for test class [com.pokemon.backend.service.PokemonServiceTest]: PokemonServiceTest does not declare any static, non-private, non-final, nested classes annotated with @Configuration.
22:07:55.781 [Test worker] DEBUG org.springframework.test.context.support.ActiveProfilesUtils - Could not find an 'annotation declaring class' for annotation type [org.springframework.test.context.ActiveProfiles] and class [com.pokemon.backend.service.PokemonServiceTest]
22:07:55.823 [Test worker] DEBUG org.springframework.context.annotation.ClassPathScanningCandidateComponentProvider - Identified candidate component class: file [/Users/sanglee/Documents/Pokemon/pokemon-backend-service/build/classes/java/main/com/pokemon/backend/Application.class]
22:07:55.824 [Test worker] INFO org.springframework.boot.test.context.SpringBootTestContextBootstrapper - Found @SpringBootConfiguration com.pokemon.backend.Application for test class com.pokemon.backend.service.PokemonServiceTest
22:07:55.895 [Test worker] DEBUG org.springframework.boot.test.context.SpringBootTestContextBootstrapper - @TestExecutionListeners is not present for class [com.pokemon.backend.service.PokemonServiceTest]: using defaults.
22:07:55.896 [Test worker] INFO org.springframework.boot.test.context.SpringBootTestContextBootstrapper - Loaded default TestExecutionListener class names from location [META-INF/spring.factories]: [org.springframework.boot.test.autoconfigure.restdocs.RestDocsTestExecutionListener, org.springframework.boot.test.autoconfigure.web.client.MockRestServiceServerResetTestExecutionListener, org.springframework.boot.test.autoconfigure.web.servlet.MockMvcPrintOnlyOnFailureTestExecutionListener, org.springframework.boot.test.autoconfigure.web.servlet.WebDriverTestExecutionListener, org.springframework.boot.test.autoconfigure.webservices.client.MockWebServiceServerTestExecutionListener, org.springframework.boot.test.mock.mockito.MockitoTestExecutionListener, org.springframework.boot.test.mock.mockito.ResetMocksTestExecutionListener, org.springframework.test.context.web.ServletTestExecutionListener, org.springframework.test.context.support.DirtiesContextBeforeModesTestExecutionListener, org.springframework.test.context.event.ApplicationEventsTestExecutionListener, org.springframework.test.context.support.DependencyInjectionTestExecutionListener, org.springframework.test.context.support.DirtiesContextTestExecutionListener, org.springframework.test.context.transaction.TransactionalTestExecutionListener, org.springframework.test.context.jdbc.SqlScriptsTestExecutionListener, org.springframework.test.context.event.EventPublishingTestExecutionListener]
22:07:55.903 [Test worker] DEBUG org.springframework.boot.test.context.SpringBootTestContextBootstrapper - Skipping candidate TestExecutionListener [org.springframework.test.context.transaction.TransactionalTestExecutionListener] due to a missing dependency. Specify custom listener classes or make the default listener classes and their required dependencies available. Offending class: [org/springframework/transaction/TransactionDefinition]
22:07:55.904 [Test worker] DEBUG org.springframework.boot.test.context.SpringBootTestContextBootstrapper - Skipping candidate TestExecutionListener [org.springframework.test.context.jdbc.SqlScriptsTestExecutionListener] due to a missing dependency. Specify custom listener classes or make the default listener classes and their required dependencies available. Offending class: [org/springframework/transaction/interceptor/TransactionAttribute]
22:07:55.905 [Test worker] INFO org.springframework.boot.test.context.SpringBootTestContextBootstrapper - Using TestExecutionListeners: [org.springframework.test.context.web.ServletTestExecutionListener@ec2bf82, org.springframework.test.context.support.DirtiesContextBeforeModesTestExecutionListener@cc62a3b, org.springframework.test.context.event.ApplicationEventsTestExecutionListener@6cc0bcf6, org.springframework.boot.test.mock.mockito.MockitoTestExecutionListener@29539e36, org.springframework.boot.test.autoconfigure.SpringBootDependencyInjectionTestExecutionListener@32f61a31, org.springframework.test.context.support.DirtiesContextTestExecutionListener@f5c79a6, org.springframework.test.context.event.EventPublishingTestExecutionListener@669253b7, org.springframework.boot.test.autoconfigure.restdocs.RestDocsTestExecutionListener@5305c37d, org.springframework.boot.test.autoconfigure.web.client.MockRestServiceServerResetTestExecutionListener@51a06cbe, org.springframework.boot.test.autoconfigure.web.servlet.MockMvcPrintOnlyOnFailureTestExecutionListener@3dddbe65, org.springframework.boot.test.autoconfigure.web.servlet.WebDriverTestExecutionListener@49a64d82, org.springframework.boot.test.autoconfigure.webservices.client.MockWebServiceServerTestExecutionListener@344561e0, org.springframework.boot.test.mock.mockito.ResetMocksTestExecutionListener@66d23e4a]
22:07:55.907 [Test worker] DEBUG org.springframework.test.context.support.AbstractDirtiesContextTestExecutionListener - Before test class: context [DefaultTestContext@581d969c testClass = PokemonServiceTest, testInstance = [null], testMethod = [null], testException = [null], mergedContextConfiguration = [WebMergedContextConfiguration@22db8f4 testClass = PokemonServiceTest, locations = '{}', classes = '{class com.pokemon.backend.Application}', contextInitializerClasses = '[]', activeProfiles = '{}', propertySourceLocations = '{}', propertySourceProperties = '{org.springframework.boot.test.context.SpringBootTestContextBootstrapper=true}', contextCustomizers = set[org.springframework.boot.test.autoconfigure.actuate.metrics.MetricsExportContextCustomizerFactory$DisableMetricExportContextCustomizer@fb9c7aa, org.springframework.boot.test.autoconfigure.properties.PropertyMappingContextCustomizer@0, org.springframework.boot.test.autoconfigure.web.servlet.WebDriverContextCustomizerFactory$Customizer@65b3a85a, org.springframework.boot.test.context.filter.ExcludeFilterContextCustomizer@2cae1042, org.springframework.boot.test.json.DuplicateJsonObjectContextCustomizerFactory$DuplicateJsonObjectContextCustomizer@f667fe, org.springframework.boot.test.mock.mockito.MockitoContextCustomizer@0, org.springframework.boot.test.web.client.TestRestTemplateContextCustomizer@338494fa, org.springframework.boot.test.context.SpringBootTestArgs@1, org.springframework.boot.test.context.SpringBootTestWebEnvironment@4ef74c30], resourceBasePath = 'src/main/webapp', contextLoader = 'org.springframework.boot.test.context.SpringBootContextLoader', parent = [null]], attributes = map['org.springframework.test.context.web.ServletTestExecutionListener.activateListener' -> true]], class annotated with @DirtiesContext [false] with mode [null].

  .   ____          _            __ _ _
 /\\ / ___'_ __ _ _(_)_ __  __ _ \ \ \ \
( ( )\___ | '_ | '_| | '_ \/ _` | \ \ \ \
 \\/  ___)| |_)| | | | | || (_| |  ) ) ) )
  '  |____| .__|_| |_|_| |_\__, | / / / /
 =========|_|==============|___/=/_/_/_/
 :: Spring Boot ::                (v2.7.6)

2022-11-28 22:07:56.162  INFO 11355 --- [    Test worker] c.p.backend.service.PokemonServiceTest   : Starting PokemonServiceTest using Java 11.0.15 on 192.168.1.100 with PID 11355 (started by sanglee in /Users/sanglee/Documents/Pokemon/pokemon-backend-service)
2022-11-28 22:07:56.163  INFO 11355 --- [    Test worker] c.p.backend.service.PokemonServiceTest   : No active profile set, falling back to 1 default profile: "default"
2022-11-28 22:07:57.469  INFO 11355 --- [    Test worker] c.p.backend.service.PokemonServiceTest   : Started PokemonServiceTest in 1.523 seconds (JVM running for 2.429)
2022-11-28 22:07:57.746  INFO 11355 --- [    Test worker] c.p.backend.service.PokemonService       : Received request to get pokemon with name: zubat and translation feature enabled status: true
2022-11-28 22:07:58.159  INFO 11355 --- [    Test worker] c.p.backend.service.TranslationService   : Received request to translate pokemon description: Forms colonies in
perpetually dark
places. Uses?ultrasonic waves
to identify and
approach targets. with habitat: cave, and is legendary status: false
2022-11-28 22:07:58.160  INFO 11355 --- [    Test worker] c.p.backend.service.TranslationService   : Received request to translate text: Forms colonies in
perpetually dark
places. Uses?ultrasonic waves
to identify and
approach targets. from translation url: https://api.funtranslations.com/translate/yoda
2022-11-28 22:07:58.789  INFO 11355 --- [    Test worker] c.p.backend.service.TranslationService   : Received translated text: Forms colonies in perpetually dark places.And approach targets,  uses ultrasonic waves to identify. from translation url: https://api.funtranslations.com/translate/yoda with original text: Forms colonies in
perpetually dark
places. Uses?ultrasonic waves
to identify and
approach targets.
2022-11-28 22:07:58.789  INFO 11355 --- [    Test worker] c.p.backend.service.PokemonService       : Received pokemon with name: zubat, habitat: cave, is legendary status: false, and description: Forms colonies in perpetually dark places.And approach targets,  uses ultrasonic waves to identify.
2022-11-28 22:07:58.843  INFO 11355 --- [    Test worker] c.p.backend.service.PokemonService       : Received request to get pokemon with name: mewtwo and translation feature enabled status: true
2022-11-28 22:07:59.052  INFO 11355 --- [    Test worker] c.p.backend.service.TranslationService   : Received request to translate pokemon description: It was created by
a scientist after
years of horrific?gene splicing and
DNA engineering
experiments. with habitat: rare, and is legendary status: true
2022-11-28 22:07:59.052  INFO 11355 --- [    Test worker] c.p.backend.service.TranslationService   : Received request to translate text: It was created by
a scientist after
years of horrific?gene splicing and
DNA engineering
experiments. from translation url: https://api.funtranslations.com/translate/yoda
2022-11-28 22:07:59.616  INFO 11355 --- [    Test worker] c.p.backend.service.TranslationService   : Received translated text: Created by a scientist after years of horrific gene splicing and dna engineering experiments,  it was. from translation url: https://api.funtranslations.com/translate/yoda with original text: It was created by
a scientist after
years of horrific?gene splicing and
DNA engineering
experiments.
2022-11-28 22:07:59.616  INFO 11355 --- [    Test worker] c.p.backend.service.PokemonService       : Received pokemon with name: mewtwo, habitat: rare, is legendary status: true, and description: Created by a scientist after years of horrific gene splicing and dna engineering experiments,  it was.
2022-11-28 22:07:59.620  INFO 11355 --- [    Test worker] c.p.backend.service.PokemonService       : Received request to get pokemon with name: pikachu and translation feature enabled status: false
2022-11-28 22:07:59.802  INFO 11355 --- [    Test worker] c.p.backend.service.PokemonService       : Received pokemon with name: pikachu, habitat: forest, is legendary status: false, and description: When several of
these POKéMON
gather, their?electricity could
build and cause
lightning storms.
2022-11-28 22:07:59.810  INFO 11355 --- [    Test worker] c.p.backend.service.PokemonService       : Received request to get pokemon with name: invalid_pokemon and translation feature enabled status: false
2022-11-28 22:07:59.968 ERROR 11355 --- [    Test worker] c.p.backend.service.PokemonService       : Server responded with failure with response status code: 404 and message: Not Found when requested to get pokemon with name: invalid_pokemon
]]></system-out>
  <system-err><![CDATA[]]></system-err>
</testsuite>
